<?xml version="1.0" encoding="UTF-8"?>
<!-- Generated by org.testng.reporters.JUnitXMLReporter -->
<testsuite ignored="0" hostname="Atuls-MacBook-Pro.local" failures="0" tests="4" name="Surefire test" time="27.797" errors="0" timestamp="2026-01-15T18:40:01 IST">
  <testcase classname="com.orangehrm.tests.LoginTest" name="testLogin" time="5.389"/>
  <testcase classname="com.orangehrm.tests.LoginTest" name="testLogin" time="0.199"/>
  <testcase classname="com.orangehrm.tests.LoginTest" name="testLogin" time="5.351"/>
  <testcase classname="com.orangehrm.tests.LoginTest" name="testLogin" time="5.347"/>
</testsuite> <!-- Surefire test -->
