<?xml version="1.0" encoding="UTF-8"?>
<!-- Generated by org.testng.reporters.JUnitXMLReporter -->
<testsuite ignored="0" hostname="Atuls-MacBook-Pro.local" failures="0" tests="4" name="Surefire test" time="25.077" errors="0" timestamp="2026-01-15T18:29:51 IST">
  <testcase classname="com.orangehrm.tests.LoginTest" name="testLogin" time="5.459"/>
  <testcase classname="com.orangehrm.tests.LoginTest" name="testLogin" time="0.952"/>
  <testcase classname="com.orangehrm.tests.LoginTest" name="testLogin" time="0.383"/>
  <testcase classname="com.orangehrm.tests.LoginTest" name="testLogin" time="10.394"/>
</testsuite> <!-- Surefire test -->
