<?xml version="1.0" encoding="UTF-8"?>
<!-- Generated by org.testng.reporters.JUnitXMLReporter -->
<testsuite ignored="0" hostname="Atuls-MacBook-Pro.local" failures="0" tests="4" name="Login Tests" time="46.667" errors="0" timestamp="2026-01-15T18:11:59 IST">
  <testcase classname="com.orangehrm.tests.LoginTest" name="testLogin" time="5.407"/>
  <testcase classname="com.orangehrm.tests.LoginTest" name="testLogin" time="5.281"/>
  <testcase classname="com.orangehrm.tests.LoginTest" name="testLogin" time="5.358"/>
  <testcase classname="com.orangehrm.tests.LoginTest" name="testLogin" time="6.19"/>
</testsuite> <!-- Login Tests -->
