<?xml version="1.0" encoding="UTF-8"?>
<!-- Generated by org.testng.reporters.JUnitXMLReporter -->
<testsuite ignored="0" hostname="Atuls-MacBook-Pro.local" failures="0" tests="4" name="Login Tests" time="27.206" errors="0" timestamp="2026-01-15T17:47:35 IST">
  <testcase classname="com.orangehrm.tests.LoginTest" name="testLogin" time="5.395"/>
  <testcase classname="com.orangehrm.tests.LoginTest" name="testLogin" time="0.318"/>
  <testcase classname="com.orangehrm.tests.LoginTest" name="testLogin" time="1.104"/>
  <testcase classname="com.orangehrm.tests.LoginTest" name="testLogin" time="10.408"/>
</testsuite> <!-- Login Tests -->
