<?xml version="1.0" encoding="UTF-8"?>
<testng-results ignored="0" total="4" passed="4" failed="0" skipped="0">
  <reporter-output>
  </reporter-output>
  <suite started-at="2026-01-15T18:29:21 IST" name="Surefire suite" finished-at="2026-01-15T18:29:46 IST" duration-ms="25077">
    <groups>
    </groups>
    <test started-at="2026-01-15T18:29:21 IST" name="Surefire test" finished-at="2026-01-15T18:29:46 IST" duration-ms="25077">
      <class name="com.orangehrm.tests.LoginTest">
        <test-method is-config="true" signature="beforeSuite()[pri:0, instance:com.orangehrm.tests.LoginTest@d1a10ac]" started-at="2026-01-15T18:29:21 IST" name="beforeSuite" finished-at="2026-01-15T18:29:21 IST" duration-ms="171" status="PASS">
          <reporter-output>
          </reporter-output>
        </test-method> <!-- beforeSuite -->
        <test-method is-config="true" signature="setUp(java.lang.reflect.Method)[pri:0, instance:com.orangehrm.tests.LoginTest@d1a10ac]" started-at="2026-01-15T18:29:21 IST" name="setUp" finished-at="2026-01-15T18:29:23 IST" duration-ms="2383" status="PASS">
          <params>
            <param index="0">
              <value>
                <![CDATA[public void com.orangehrm.tests.LoginTest.testLogin(java.lang.String,java.lang.String,java.lang.String)]]>
              </value>
            </param>
          </params>
          <reporter-output>
          </reporter-output>
        </test-method> <!-- setUp -->
        <test-method signature="testLogin(java.lang.String,java.lang.String,java.lang.String)[pri:0, instance:com.orangehrm.tests.LoginTest@d1a10ac]" started-at="2026-01-15T18:29:23 IST" name="testLogin" description="Test login functionality with valid and invalid credentials" data-provider="loginData" finished-at="2026-01-15T18:29:29 IST" duration-ms="5459" status="PASS">
          <params>
            <param index="0">
              <value>
                <![CDATA[standard_user]]>
              </value>
            </param>
            <param index="1">
              <value>
                <![CDATA[secret_sauce]]>
              </value>
            </param>
            <param index="2">
              <value>
                <![CDATA[true]]>
              </value>
            </param>
          </params>
          <reporter-output>
          </reporter-output>
        </test-method> <!-- testLogin -->
        <test-method is-config="true" signature="tearDown(org.testng.ITestResult)[pri:0, instance:com.orangehrm.tests.LoginTest@d1a10ac]" started-at="2026-01-15T18:29:29 IST" name="tearDown" finished-at="2026-01-15T18:29:29 IST" duration-ms="102" status="PASS">
          <params>
            <param index="0">
              <value>
                <![CDATA[[TestResult name=testLogin status=SUCCESS method=LoginTest.testLogin(java.lang.String,java.lang.String,java.lang.String)[pri:0, instance:com.orangehrm.tests.LoginTest@d1a10ac] output={null}]]]>
              </value>
            </param>
          </params>
          <reporter-output>
          </reporter-output>
        </test-method> <!-- tearDown -->
        <test-method is-config="true" signature="setUp(java.lang.reflect.Method)[pri:0, instance:com.orangehrm.tests.LoginTest@d1a10ac]" started-at="2026-01-15T18:29:29 IST" name="setUp" finished-at="2026-01-15T18:29:30 IST" duration-ms="1196" status="PASS">
          <params>
            <param index="0">
              <value>
                <![CDATA[public void com.orangehrm.tests.LoginTest.testLogin(java.lang.String,java.lang.String,java.lang.String)]]>
              </value>
            </param>
          </params>
          <reporter-output>
          </reporter-output>
        </test-method> <!-- setUp -->
        <test-method signature="testLogin(java.lang.String,java.lang.String,java.lang.String)[pri:0, instance:com.orangehrm.tests.LoginTest@d1a10ac]" started-at="2026-01-15T18:29:30 IST" name="testLogin" description="Test login functionality with valid and invalid credentials" data-provider="loginData" finished-at="2026-01-15T18:29:31 IST" duration-ms="952" status="PASS">
          <params>
            <param index="0">
              <value>
                <![CDATA[locked_out_user]]>
              </value>
            </param>
            <param index="1">
              <value>
                <![CDATA[secret_sauce]]>
              </value>
            </param>
            <param index="2">
              <value>
                <![CDATA[false]]>
              </value>
            </param>
          </params>
          <reporter-output>
          </reporter-output>
        </test-method> <!-- testLogin -->
        <test-method is-config="true" signature="tearDown(org.testng.ITestResult)[pri:0, instance:com.orangehrm.tests.LoginTest@d1a10ac]" started-at="2026-01-15T18:29:31 IST" name="tearDown" finished-at="2026-01-15T18:29:31 IST" duration-ms="89" status="PASS">
          <params>
            <param index="0">
              <value>
                <![CDATA[[TestResult name=testLogin status=SUCCESS method=LoginTest.testLogin(java.lang.String,java.lang.String,java.lang.String)[pri:0, instance:com.orangehrm.tests.LoginTest@d1a10ac] output={null}]]]>
              </value>
            </param>
          </params>
          <reporter-output>
          </reporter-output>
        </test-method> <!-- tearDown -->
        <test-method is-config="true" signature="setUp(java.lang.reflect.Method)[pri:0, instance:com.orangehrm.tests.LoginTest@d1a10ac]" started-at="2026-01-15T18:29:31 IST" name="setUp" finished-at="2026-01-15T18:29:33 IST" duration-ms="2042" status="PASS">
          <params>
            <param index="0">
              <value>
                <![CDATA[public void com.orangehrm.tests.LoginTest.testLogin(java.lang.String,java.lang.String,java.lang.String)]]>
              </value>
            </param>
          </params>
          <reporter-output>
          </reporter-output>
        </test-method> <!-- setUp -->
        <test-method signature="testLogin(java.lang.String,java.lang.String,java.lang.String)[pri:0, instance:com.orangehrm.tests.LoginTest@d1a10ac]" started-at="2026-01-15T18:29:33 IST" name="testLogin" description="Test login functionality with valid and invalid credentials" data-provider="loginData" finished-at="2026-01-15T18:29:34 IST" duration-ms="383" status="PASS">
          <params>
            <param index="0">
              <value>
                <![CDATA[problem_user]]>
              </value>
            </param>
            <param index="1">
              <value>
                <![CDATA[secret_sauce]]>
              </value>
            </param>
            <param index="2">
              <value>
                <![CDATA[true]]>
              </value>
            </param>
          </params>
          <reporter-output>
          </reporter-output>
        </test-method> <!-- testLogin -->
        <test-method is-config="true" signature="tearDown(org.testng.ITestResult)[pri:0, instance:com.orangehrm.tests.LoginTest@d1a10ac]" started-at="2026-01-15T18:29:34 IST" name="tearDown" finished-at="2026-01-15T18:29:34 IST" duration-ms="88" status="PASS">
          <params>
            <param index="0">
              <value>
                <![CDATA[[TestResult name=testLogin status=SUCCESS method=LoginTest.testLogin(java.lang.String,java.lang.String,java.lang.String)[pri:0, instance:com.orangehrm.tests.LoginTest@d1a10ac] output={null}]]]>
              </value>
            </param>
          </params>
          <reporter-output>
          </reporter-output>
        </test-method> <!-- tearDown -->
        <test-method is-config="true" signature="setUp(java.lang.reflect.Method)[pri:0, instance:com.orangehrm.tests.LoginTest@d1a10ac]" started-at="2026-01-15T18:29:34 IST" name="setUp" finished-at="2026-01-15T18:29:35 IST" duration-ms="1782" status="PASS">
          <params>
            <param index="0">
              <value>
                <![CDATA[public void com.orangehrm.tests.LoginTest.testLogin(java.lang.String,java.lang.String,java.lang.String)]]>
              </value>
            </param>
          </params>
          <reporter-output>
          </reporter-output>
        </test-method> <!-- setUp -->
        <test-method signature="testLogin(java.lang.String,java.lang.String,java.lang.String)[pri:0, instance:com.orangehrm.tests.LoginTest@d1a10ac]" started-at="2026-01-15T18:29:35 IST" name="testLogin" description="Test login functionality with valid and invalid credentials" data-provider="loginData" finished-at="2026-01-15T18:29:46 IST" duration-ms="10394" status="PASS">
          <params>
            <param index="0">
              <value>
                <![CDATA[performance_glitch_user]]>
              </value>
            </param>
            <param index="1">
              <value>
                <![CDATA[secret_sauce]]>
              </value>
            </param>
            <param index="2">
              <value>
                <![CDATA[true]]>
              </value>
            </param>
          </params>
          <reporter-output>
          </reporter-output>
        </test-method> <!-- testLogin -->
        <test-method is-config="true" signature="tearDown(org.testng.ITestResult)[pri:0, instance:com.orangehrm.tests.LoginTest@d1a10ac]" started-at="2026-01-15T18:29:46 IST" name="tearDown" finished-at="2026-01-15T18:29:46 IST" duration-ms="111" status="PASS">
          <params>
            <param index="0">
              <value>
                <![CDATA[[TestResult name=testLogin status=SUCCESS method=LoginTest.testLogin(java.lang.String,java.lang.String,java.lang.String)[pri:0, instance:com.orangehrm.tests.LoginTest@d1a10ac] output={null}]]]>
              </value>
            </param>
          </params>
          <reporter-output>
          </reporter-output>
        </test-method> <!-- tearDown -->
        <test-method is-config="true" signature="afterSuite()[pri:0, instance:com.orangehrm.tests.LoginTest@d1a10ac]" started-at="2026-01-15T18:29:51 IST" name="afterSuite" finished-at="2026-01-15T18:29:51 IST" duration-ms="183" status="PASS">
          <reporter-output>
          </reporter-output>
        </test-method> <!-- afterSuite -->
      </class> <!-- com.orangehrm.tests.LoginTest -->
    </test> <!-- Surefire test -->
  </suite> <!-- Surefire suite -->
</testng-results>
