<?xml version="1.0" encoding="UTF-8"?>
<testng-results ignored="0" total="4" passed="4" failed="0" skipped="0">
  <reporter-output>
  </reporter-output>
  <suite started-at="2026-01-15T18:39:28 IST" name="Surefire suite" finished-at="2026-01-15T18:39:56 IST" duration-ms="27797">
    <groups>
    </groups>
    <test started-at="2026-01-15T18:39:28 IST" name="Surefire test" finished-at="2026-01-15T18:39:56 IST" duration-ms="27797">
      <class name="com.orangehrm.tests.LoginTest">
        <test-method is-config="true" signature="beforeSuite()[pri:0, instance:com.orangehrm.tests.LoginTest@31fc71ab]" started-at="2026-01-15T18:39:28 IST" name="beforeSuite" finished-at="2026-01-15T18:39:28 IST" duration-ms="335" status="PASS">
          <reporter-output>
          </reporter-output>
        </test-method> <!-- beforeSuite -->
        <test-method is-config="true" signature="setUp(java.lang.reflect.Method)[pri:0, instance:com.orangehrm.tests.LoginTest@31fc71ab]" started-at="2026-01-15T18:39:28 IST" name="setUp" finished-at="2026-01-15T18:39:31 IST" duration-ms="2845" status="PASS">
          <params>
            <param index="0">
              <value>
                <![CDATA[public void com.orangehrm.tests.LoginTest.testLogin(java.lang.String,java.lang.String,java.lang.String)]]>
              </value>
            </param>
          </params>
          <reporter-output>
          </reporter-output>
        </test-method> <!-- setUp -->
        <test-method signature="testLogin(java.lang.String,java.lang.String,java.lang.String)[pri:0, instance:com.orangehrm.tests.LoginTest@31fc71ab]" started-at="2026-01-15T18:39:31 IST" name="testLogin" description="Test login functionality with valid and invalid credentials" data-provider="loginData" finished-at="2026-01-15T18:39:36 IST" duration-ms="5389" status="PASS">
          <params>
            <param index="0">
              <value>
                <![CDATA[standard_user]]>
              </value>
            </param>
            <param index="1">
              <value>
                <![CDATA[secret_sauce]]>
              </value>
            </param>
            <param index="2">
              <value>
                <![CDATA[true]]>
              </value>
            </param>
          </params>
          <reporter-output>
          </reporter-output>
        </test-method> <!-- testLogin -->
        <test-method is-config="true" signature="tearDown(org.testng.ITestResult)[pri:0, instance:com.orangehrm.tests.LoginTest@31fc71ab]" started-at="2026-01-15T18:39:36 IST" name="tearDown" finished-at="2026-01-15T18:39:36 IST" duration-ms="94" status="PASS">
          <params>
            <param index="0">
              <value>
                <![CDATA[[TestResult name=testLogin status=SUCCESS method=LoginTest.testLogin(java.lang.String,java.lang.String,java.lang.String)[pri:0, instance:com.orangehrm.tests.LoginTest@31fc71ab] output={null}]]]>
              </value>
            </param>
          </params>
          <reporter-output>
          </reporter-output>
        </test-method> <!-- tearDown -->
        <test-method is-config="true" signature="setUp(java.lang.reflect.Method)[pri:0, instance:com.orangehrm.tests.LoginTest@31fc71ab]" started-at="2026-01-15T18:39:36 IST" name="setUp" finished-at="2026-01-15T18:39:39 IST" duration-ms="2281" status="PASS">
          <params>
            <param index="0">
              <value>
                <![CDATA[public void com.orangehrm.tests.LoginTest.testLogin(java.lang.String,java.lang.String,java.lang.String)]]>
              </value>
            </param>
          </params>
          <reporter-output>
          </reporter-output>
        </test-method> <!-- setUp -->
        <test-method signature="testLogin(java.lang.String,java.lang.String,java.lang.String)[pri:0, instance:com.orangehrm.tests.LoginTest@31fc71ab]" started-at="2026-01-15T18:39:39 IST" name="testLogin" description="Test login functionality with valid and invalid credentials" data-provider="loginData" finished-at="2026-01-15T18:39:39 IST" duration-ms="199" status="PASS">
          <params>
            <param index="0">
              <value>
                <![CDATA[locked_out_user]]>
              </value>
            </param>
            <param index="1">
              <value>
                <![CDATA[secret_sauce]]>
              </value>
            </param>
            <param index="2">
              <value>
                <![CDATA[false]]>
              </value>
            </param>
          </params>
          <reporter-output>
          </reporter-output>
        </test-method> <!-- testLogin -->
        <test-method is-config="true" signature="tearDown(org.testng.ITestResult)[pri:0, instance:com.orangehrm.tests.LoginTest@31fc71ab]" started-at="2026-01-15T18:39:39 IST" name="tearDown" finished-at="2026-01-15T18:39:39 IST" duration-ms="83" status="PASS">
          <params>
            <param index="0">
              <value>
                <![CDATA[[TestResult name=testLogin status=SUCCESS method=LoginTest.testLogin(java.lang.String,java.lang.String,java.lang.String)[pri:0, instance:com.orangehrm.tests.LoginTest@31fc71ab] output={null}]]]>
              </value>
            </param>
          </params>
          <reporter-output>
          </reporter-output>
        </test-method> <!-- tearDown -->
        <test-method is-config="true" signature="setUp(java.lang.reflect.Method)[pri:0, instance:com.orangehrm.tests.LoginTest@31fc71ab]" started-at="2026-01-15T18:39:39 IST" name="setUp" finished-at="2026-01-15T18:39:43 IST" duration-ms="4005" status="PASS">
          <params>
            <param index="0">
              <value>
                <![CDATA[public void com.orangehrm.tests.LoginTest.testLogin(java.lang.String,java.lang.String,java.lang.String)]]>
              </value>
            </param>
          </params>
          <reporter-output>
          </reporter-output>
        </test-method> <!-- setUp -->
        <test-method signature="testLogin(java.lang.String,java.lang.String,java.lang.String)[pri:0, instance:com.orangehrm.tests.LoginTest@31fc71ab]" started-at="2026-01-15T18:39:43 IST" name="testLogin" description="Test login functionality with valid and invalid credentials" data-provider="loginData" finished-at="2026-01-15T18:39:48 IST" duration-ms="5351" status="PASS">
          <params>
            <param index="0">
              <value>
                <![CDATA[problem_user]]>
              </value>
            </param>
            <param index="1">
              <value>
                <![CDATA[secret_sauce]]>
              </value>
            </param>
            <param index="2">
              <value>
                <![CDATA[true]]>
              </value>
            </param>
          </params>
          <reporter-output>
          </reporter-output>
        </test-method> <!-- testLogin -->
        <test-method is-config="true" signature="tearDown(org.testng.ITestResult)[pri:0, instance:com.orangehrm.tests.LoginTest@31fc71ab]" started-at="2026-01-15T18:39:48 IST" name="tearDown" finished-at="2026-01-15T18:39:48 IST" duration-ms="90" status="PASS">
          <params>
            <param index="0">
              <value>
                <![CDATA[[TestResult name=testLogin status=SUCCESS method=LoginTest.testLogin(java.lang.String,java.lang.String,java.lang.String)[pri:0, instance:com.orangehrm.tests.LoginTest@31fc71ab] output={null}]]]>
              </value>
            </param>
          </params>
          <reporter-output>
          </reporter-output>
        </test-method> <!-- tearDown -->
        <test-method is-config="true" signature="setUp(java.lang.reflect.Method)[pri:0, instance:com.orangehrm.tests.LoginTest@31fc71ab]" started-at="2026-01-15T18:39:48 IST" name="setUp" finished-at="2026-01-15T18:39:50 IST" duration-ms="1828" status="PASS">
          <params>
            <param index="0">
              <value>
                <![CDATA[public void com.orangehrm.tests.LoginTest.testLogin(java.lang.String,java.lang.String,java.lang.String)]]>
              </value>
            </param>
          </params>
          <reporter-output>
          </reporter-output>
        </test-method> <!-- setUp -->
        <test-method signature="testLogin(java.lang.String,java.lang.String,java.lang.String)[pri:0, instance:com.orangehrm.tests.LoginTest@31fc71ab]" started-at="2026-01-15T18:39:50 IST" name="testLogin" description="Test login functionality with valid and invalid credentials" data-provider="loginData" finished-at="2026-01-15T18:39:56 IST" duration-ms="5347" status="PASS">
          <params>
            <param index="0">
              <value>
                <![CDATA[performance_glitch_user]]>
              </value>
            </param>
            <param index="1">
              <value>
                <![CDATA[secret_sauce]]>
              </value>
            </param>
            <param index="2">
              <value>
                <![CDATA[true]]>
              </value>
            </param>
          </params>
          <reporter-output>
          </reporter-output>
        </test-method> <!-- testLogin -->
        <test-method is-config="true" signature="tearDown(org.testng.ITestResult)[pri:0, instance:com.orangehrm.tests.LoginTest@31fc71ab]" started-at="2026-01-15T18:39:56 IST" name="tearDown" finished-at="2026-01-15T18:39:56 IST" duration-ms="151" status="PASS">
          <params>
            <param index="0">
              <value>
                <![CDATA[[TestResult name=testLogin status=SUCCESS method=LoginTest.testLogin(java.lang.String,java.lang.String,java.lang.String)[pri:0, instance:com.orangehrm.tests.LoginTest@31fc71ab] output={null}]]]>
              </value>
            </param>
          </params>
          <reporter-output>
          </reporter-output>
        </test-method> <!-- tearDown -->
        <test-method is-config="true" signature="afterSuite()[pri:0, instance:com.orangehrm.tests.LoginTest@31fc71ab]" started-at="2026-01-15T18:40:01 IST" name="afterSuite" finished-at="2026-01-15T18:40:01 IST" duration-ms="164" status="PASS">
          <reporter-output>
          </reporter-output>
        </test-method> <!-- afterSuite -->
      </class> <!-- com.orangehrm.tests.LoginTest -->
    </test> <!-- Surefire test -->
  </suite> <!-- Surefire suite -->
</testng-results>
