<?xml version="1.0" encoding="UTF-8"?>
<testng-results ignored="0" total="4" passed="4" failed="0" skipped="0">
  <reporter-output>
  </reporter-output>
  <suite started-at="2026-01-15T17:47:03 IST" name="OrangeHRM Test Suite" finished-at="2026-01-15T17:47:30 IST" duration-ms="27206">
    <groups>
    </groups>
    <test started-at="2026-01-15T17:47:03 IST" name="Login Tests" finished-at="2026-01-15T17:47:30 IST" duration-ms="27206">
      <class name="com.orangehrm.tests.LoginTest">
        <test-method is-config="true" signature="setUp()[pri:0, instance:com.orangehrm.tests.LoginTest@21719a0]" started-at="2026-01-15T17:47:03 IST" name="setUp" finished-at="2026-01-15T17:47:07 IST" duration-ms="4371" status="PASS">
          <reporter-output>
          </reporter-output>
        </test-method> <!-- setUp -->
        <test-method signature="testLogin(java.lang.String,java.lang.String,java.lang.String)[pri:0, instance:com.orangehrm.tests.LoginTest@21719a0]" started-at="2026-01-15T17:47:07 IST" name="testLogin" description="Test login functionality with valid and invalid credentials" data-provider="loginData" finished-at="2026-01-15T17:47:13 IST" duration-ms="5395" status="PASS">
          <params>
            <param index="0">
              <value>
                <![CDATA[standard_user]]>
              </value>
            </param>
            <param index="1">
              <value>
                <![CDATA[secret_sauce]]>
              </value>
            </param>
            <param index="2">
              <value>
                <![CDATA[true]]>
              </value>
            </param>
          </params>
          <reporter-output>
          </reporter-output>
        </test-method> <!-- testLogin -->
        <test-method is-config="true" signature="tearDown()[pri:0, instance:com.orangehrm.tests.LoginTest@21719a0]" started-at="2026-01-15T17:47:13 IST" name="tearDown" finished-at="2026-01-15T17:47:13 IST" duration-ms="284" status="PASS">
          <reporter-output>
          </reporter-output>
        </test-method> <!-- tearDown -->
        <test-method is-config="true" signature="setUp()[pri:0, instance:com.orangehrm.tests.LoginTest@21719a0]" started-at="2026-01-15T17:47:13 IST" name="setUp" finished-at="2026-01-15T17:47:15 IST" duration-ms="2003" status="PASS">
          <reporter-output>
          </reporter-output>
        </test-method> <!-- setUp -->
        <test-method signature="testLogin(java.lang.String,java.lang.String,java.lang.String)[pri:0, instance:com.orangehrm.tests.LoginTest@21719a0]" started-at="2026-01-15T17:47:15 IST" name="testLogin" description="Test login functionality with valid and invalid credentials" data-provider="loginData" finished-at="2026-01-15T17:47:15 IST" duration-ms="318" status="PASS">
          <params>
            <param index="0">
              <value>
                <![CDATA[locked_out_user]]>
              </value>
            </param>
            <param index="1">
              <value>
                <![CDATA[secret_sauce]]>
              </value>
            </param>
            <param index="2">
              <value>
                <![CDATA[false]]>
              </value>
            </param>
          </params>
          <reporter-output>
          </reporter-output>
        </test-method> <!-- testLogin -->
        <test-method is-config="true" signature="tearDown()[pri:0, instance:com.orangehrm.tests.LoginTest@21719a0]" started-at="2026-01-15T17:47:15 IST" name="tearDown" finished-at="2026-01-15T17:47:15 IST" duration-ms="117" status="PASS">
          <reporter-output>
          </reporter-output>
        </test-method> <!-- tearDown -->
        <test-method is-config="true" signature="setUp()[pri:0, instance:com.orangehrm.tests.LoginTest@21719a0]" started-at="2026-01-15T17:47:15 IST" name="setUp" finished-at="2026-01-15T17:47:16 IST" duration-ms="1075" status="PASS">
          <reporter-output>
          </reporter-output>
        </test-method> <!-- setUp -->
        <test-method signature="testLogin(java.lang.String,java.lang.String,java.lang.String)[pri:0, instance:com.orangehrm.tests.LoginTest@21719a0]" started-at="2026-01-15T17:47:16 IST" name="testLogin" description="Test login functionality with valid and invalid credentials" data-provider="loginData" finished-at="2026-01-15T17:47:17 IST" duration-ms="1104" status="PASS">
          <params>
            <param index="0">
              <value>
                <![CDATA[problem_user]]>
              </value>
            </param>
            <param index="1">
              <value>
                <![CDATA[secret_sauce]]>
              </value>
            </param>
            <param index="2">
              <value>
                <![CDATA[true]]>
              </value>
            </param>
          </params>
          <reporter-output>
          </reporter-output>
        </test-method> <!-- testLogin -->
        <test-method is-config="true" signature="tearDown()[pri:0, instance:com.orangehrm.tests.LoginTest@21719a0]" started-at="2026-01-15T17:47:17 IST" name="tearDown" finished-at="2026-01-15T17:47:18 IST" duration-ms="95" status="PASS">
          <reporter-output>
          </reporter-output>
        </test-method> <!-- tearDown -->
        <test-method is-config="true" signature="setUp()[pri:0, instance:com.orangehrm.tests.LoginTest@21719a0]" started-at="2026-01-15T17:47:18 IST" name="setUp" finished-at="2026-01-15T17:47:19 IST" duration-ms="1784" status="PASS">
          <reporter-output>
          </reporter-output>
        </test-method> <!-- setUp -->
        <test-method signature="testLogin(java.lang.String,java.lang.String,java.lang.String)[pri:0, instance:com.orangehrm.tests.LoginTest@21719a0]" started-at="2026-01-15T17:47:19 IST" name="testLogin" description="Test login functionality with valid and invalid credentials" data-provider="loginData" finished-at="2026-01-15T17:47:30 IST" duration-ms="10408" status="PASS">
          <params>
            <param index="0">
              <value>
                <![CDATA[performance_glitch_user]]>
              </value>
            </param>
            <param index="1">
              <value>
                <![CDATA[secret_sauce]]>
              </value>
            </param>
            <param index="2">
              <value>
                <![CDATA[true]]>
              </value>
            </param>
          </params>
          <reporter-output>
          </reporter-output>
        </test-method> <!-- testLogin -->
        <test-method is-config="true" signature="tearDown()[pri:0, instance:com.orangehrm.tests.LoginTest@21719a0]" started-at="2026-01-15T17:47:30 IST" name="tearDown" finished-at="2026-01-15T17:47:30 IST" duration-ms="118" status="PASS">
          <reporter-output>
          </reporter-output>
        </test-method> <!-- tearDown -->
      </class> <!-- com.orangehrm.tests.LoginTest -->
    </test> <!-- Login Tests -->
  </suite> <!-- OrangeHRM Test Suite -->
</testng-results>
