<?xml version="1.0" encoding="UTF-8"?>
<!-- Generated by org.testng.reporters.JUnitReportReporter -->
<testsuite hostname="Atuls-MacBook-Pro.local" failures="0" tests="4" name="com.orangehrm.tests.LoginTest" time="27.663" errors="0" timestamp="2026-01-15T18:40:01 IST" skipped="0">
  <testcase classname="com.orangehrm.tests.LoginTest" name="testLogin" time="7.715"/>
  <testcase classname="com.orangehrm.tests.LoginTest" name="testLogin" time="3.138"/>
  <testcase classname="com.orangehrm.tests.LoginTest" name="testLogin" time="9.442"/>
  <testcase classname="com.orangehrm.tests.LoginTest" name="testLogin" time="7.368"/>
</testsuite> <!-- com.orangehrm.tests.LoginTest -->
