<?xml version="1.0" encoding="UTF-8"?>
<!-- Generated by org.testng.reporters.JUnitReportReporter -->
<testsuite hostname="Atuls-MacBook-Pro.local" failures="0" tests="4" name="com.orangehrm.tests.LoginTest" time="27.072" errors="0" timestamp="2026-01-15T17:47:35 IST" skipped="0">
  <testcase classname="com.orangehrm.tests.LoginTest" name="testLogin" time="11.578"/>
  <testcase classname="com.orangehrm.tests.LoginTest" name="testLogin" time="5.592"/>
  <testcase classname="com.orangehrm.tests.LoginTest" name="testLogin" time="7.682"/>
  <testcase classname="com.orangehrm.tests.LoginTest" name="testLogin" time="2.220"/>
</testsuite> <!-- com.orangehrm.tests.LoginTest -->
